<?xml version="1.0" encoding="UTF-8"?>
<testng-results ignored="0" total="2" passed="2" failed="0" skipped="0">
  <reporter-output>
  </reporter-output>
  <suite started-at="2022-11-29T14:34:56 IST" name="Suite" finished-at="2022-11-29T14:35:51 IST" duration-ms="55018">
    <groups>
    </groups>
    <test started-at="2022-11-29T14:34:56 IST" name="Test" finished-at="2022-11-29T14:35:51 IST" duration-ms="55018">
      <class name="Com.internetbancking.TestCases.LoginpageTest">
        <test-method is-config="true" signature="initalization()[pri:0, instance:Com.internetbancking.TestCases.LoginpageTest@a530d0a]" started-at="2022-11-29T14:34:56 IST" name="initalization" finished-at="2022-11-29T14:35:02 IST" duration-ms="5985" status="PASS">
          <reporter-output>
          </reporter-output>
        </test-method> <!-- initalization -->
        <test-method signature="LoginTest()[pri:0, instance:Com.internetbancking.TestCases.LoginpageTest@a530d0a]" started-at="2022-11-29T14:35:02 IST" name="LoginTest" finished-at="2022-11-29T14:35:17 IST" duration-ms="15294" status="PASS">
          <reporter-output>
          </reporter-output>
        </test-method> <!-- LoginTest -->
        <test-method is-config="true" signature="Teardown()[pri:0, instance:Com.internetbancking.TestCases.LoginpageTest@a530d0a]" started-at="2022-11-29T14:35:17 IST" name="Teardown" finished-at="2022-11-29T14:35:17 IST" duration-ms="299" status="PASS">
          <reporter-output>
          </reporter-output>
        </test-method> <!-- Teardown -->
      </class> <!-- Com.internetbancking.TestCases.LoginpageTest -->
      <class name="Com.internetbancking.TestCases.NewCustomerTestCase">
        <test-method is-config="true" signature="initalization()[pri:0, instance:Com.internetbancking.TestCases.NewCustomerTestCase@3cebbb30]" started-at="2022-11-29T14:35:17 IST" name="initalization" finished-at="2022-11-29T14:35:25 IST" duration-ms="7348" status="PASS">
          <reporter-output>
          </reporter-output>
        </test-method> <!-- initalization -->
        <test-method signature="AddNewCustomer()[pri:0, instance:Com.internetbancking.TestCases.NewCustomerTestCase@3cebbb30]" started-at="2022-11-29T14:35:25 IST" name="AddNewCustomer" finished-at="2022-11-29T14:35:51 IST" duration-ms="25802" status="PASS">
          <reporter-output>
          </reporter-output>
        </test-method> <!-- AddNewCustomer -->
        <test-method is-config="true" signature="Teardown()[pri:0, instance:Com.internetbancking.TestCases.NewCustomerTestCase@3cebbb30]" started-at="2022-11-29T14:35:51 IST" name="Teardown" finished-at="2022-11-29T14:35:51 IST" duration-ms="253" status="PASS">
          <reporter-output>
          </reporter-output>
        </test-method> <!-- Teardown -->
      </class> <!-- Com.internetbancking.TestCases.NewCustomerTestCase -->
    </test> <!-- Test -->
  </suite> <!-- Suite -->
</testng-results>
